<?xml version="1.0" encoding="UTF-8"?>
<!-- Generated by org.testng.reporters.JUnitReportReporter -->
<testsuite skipped="0" hostname="PC444908" name="com.qa.test.PostApiTest" tests="1" failures="0" timestamp="13 Feb 2020 10:06:08 GMT" time="1.209" errors="0">
  <testcase name="PostTestMethod" time="1.209" classname="com.qa.test.PostApiTest"/>
</testsuite> <!-- com.qa.test.PostApiTest -->
