<?xml version="1.0" encoding="UTF-8"?>
<!-- Generated by org.testng.reporters.JUnitReportReporter -->
<testsuite skipped="0" hostname="PC444908" name="com.qa.test.GetApiTest" tests="2" failures="0" timestamp="13 Feb 2020 07:00:25 GMT" time="1.038" errors="0">
  <testcase name="GETWithoutHeadersTestMethod" time="0.402" classname="com.qa.test.GetApiTest"/>
  <testcase name="GETWithHeadersTestMethod" time="0.636" classname="com.qa.test.GetApiTest"/>
</testsuite> <!-- com.qa.test.GetApiTest -->
